# JRE version: Java(TM) SE Runtime Environment (8.0_192-b12) (build 1.8.0_192-b12)
# Java VM: Java HotSpot(TM) 64-Bit Server VM (25.192-b12 mixed mode bsd-amd64 compressed oops)
Heap:
 PSYoungGen      total 36864K, used 4651K [0x0000000795580000, 0x0000000799d80000, 0x00000007c0000000)
  eden space 32768K, 5% used [0x0000000795580000,0x00000007957671c8,0x0000000797580000)
  from space 4096K, 65% used [0x0000000797980000,0x0000000797c23b50,0x0000000797d80000)
  to   space 4096K, 0% used [0x0000000797580000,0x0000000797580000,0x0000000797980000)
 ParOldGen       total 87552K, used 48K [0x0000000740000000, 0x0000000745580000, 0x0000000795580000)
  object space 87552K, 0% used [0x0000000740000000,0x000000074000c000,0x0000000745580000)
 Metaspace       used 9164K, capacity 9312K, committed 9472K, reserved 1058816K
  class space    used 990K, capacity 1013K, committed 1024K, reserved 1048576K
GC Heap History (10 events):
Event: 2.203 GC heap before
{Heap before GC invocations=2 (full 0):
 PSYoungGen      total 38400K, used 37062K [0x0000000795580000, 0x0000000798000000, 0x00000007c0000000)
  eden space 33280K, 100% used [0x0000000795580000,0x0000000797600000,0x0000000797600000)
  from space 5120K, 73% used [0x0000000797600000,0x00000007979b1920,0x0000000797b00000)
  to   space 5120K, 0% used [0x0000000797b00000,0x0000000797b00000,0x0000000798000000)
 ParOldGen       total 87552K, used 8K [0x0000000740000000, 0x0000000745580000, 0x0000000795580000)
  object space 87552K, 0% used [0x0000000740000000,0x0000000740002000,0x0000000745580000)
 Metaspace       used 7793K, capacity 7904K, committed 8064K, reserved 1056768K
  class space    used 848K, capacity 885K, committed 896K, reserved 1048576K
Event: 2.206 GC heap after
Heap after GC invocations=2 (full 0):
 PSYoungGen      total 38400K, used 3399K [0x0000000795580000, 0x0000000798000000, 0x00000007c0000000)
  eden space 33280K, 0% used [0x0000000795580000,0x0000000795580000,0x0000000797600000)
  from space 5120K, 66% used [0x0000000797b00000,0x0000000797e51ec0,0x0000000798000000)
  to   space 5120K, 0% used [0x0000000797600000,0x0000000797600000,0x0000000797b00000)
 ParOldGen       total 87552K, used 16K [0x0000000740000000, 0x0000000745580000, 0x0000000795580000)
  object space 87552K, 0% used [0x0000000740000000,0x0000000740004000,0x0000000745580000)
 Metaspace       used 7793K, capacity 7904K, committed 8064K, reserved 1056768K
  class space    used 848K, capacity 885K, committed 896K, reserved 1048576K
}
Event: 2.380 GC heap before
{Heap before GC invocations=3 (full 0):
 PSYoungGen      total 38400K, used 36679K [0x0000000795580000, 0x0000000798000000, 0x00000007c0000000)
  eden space 33280K, 100% used [0x0000000795580000,0x0000000797600000,0x0000000797600000)
  from space 5120K, 66% used [0x0000000797b00000,0x0000000797e51ec0,0x0000000798000000)
  to   space 5120K, 0% used [0x0000000797600000,0x0000000797600000,0x0000000797b00000)
 ParOldGen       total 87552K, used 16K [0x0000000740000000, 0x0000000745580000, 0x0000000795580000)
  object space 87552K, 0% used [0x0000000740000000,0x0000000740004000,0x0000000745580000)
 Metaspace       used 8139K, capacity 8352K, committed 8448K, reserved 1056768K
  class space    used 892K, capacity 949K, committed 1024K, reserved 1048576K
Event: 2.382 GC heap after
Heap after GC invocations=3 (full 0):
 PSYoungGen      total 38400K, used 2843K [0x0000000795580000, 0x0000000798000000, 0x00000007c0000000)
  eden space 33280K, 0% used [0x0000000795580000,0x0000000795580000,0x0000000797600000)
  from space 5120K, 55% used [0x0000000797600000,0x00000007978c6c90,0x0000000797b00000)
  to   space 5120K, 0% used [0x0000000797b00000,0x0000000797b00000,0x0000000798000000)
 ParOldGen       total 87552K, used 24K [0x0000000740000000, 0x0000000745580000, 0x0000000795580000)
  object space 87552K, 0% used [0x0000000740000000,0x0000000740006000,0x0000000745580000)
 Metaspace       used 8139K, capacity 8352K, committed 8448K, reserved 1056768K
  class space    used 892K, capacity 949K, committed 1024K, reserved 1048576K
}
Event: 2.537 GC heap before
{Heap before GC invocations=4 (full 0):
 PSYoungGen      total 38400K, used 36123K [0x0000000795580000, 0x0000000798000000, 0x00000007c0000000)
  eden space 33280K, 100% used [0x0000000795580000,0x0000000797600000,0x0000000797600000)
  from space 5120K, 55% used [0x0000000797600000,0x00000007978c6c90,0x0000000797b00000)
  to   space 5120K, 0% used [0x0000000797b00000,0x0000000797b00000,0x0000000798000000)
 ParOldGen       total 87552K, used 24K [0x0000000740000000, 0x0000000745580000, 0x0000000795580000)
  object space 87552K, 0% used [0x0000000740000000,0x0000000740006000,0x0000000745580000)
 Metaspace       used 8543K, capacity 8704K, committed 8960K, reserved 1056768K
  class space    used 934K, capacity 981K, committed 1024K, reserved 1048576K
Event: 2.539 GC heap after
Heap after GC invocations=4 (full 0):
 PSYoungGen      total 38400K, used 2962K [0x0000000795580000, 0x0000000798000000, 0x00000007c0000000)
  eden space 33280K, 0% used [0x0000000795580000,0x0000000795580000,0x0000000797600000)
  from space 5120K, 57% used [0x0000000797b00000,0x0000000797de4a08,0x0000000798000000)
  to   space 5120K, 0% used [0x0000000797600000,0x0000000797600000,0x0000000797b00000)
 ParOldGen       total 87552K, used 32K [0x0000000740000000, 0x0000000745580000, 0x0000000795580000)
  object space 87552K, 0% used [0x0000000740000000,0x0000000740008000,0x0000000745580000)
 Metaspace       used 8543K, capacity 8704K, committed 8960K, reserved 1056768K
  class space    used 934K, capacity 981K, committed 1024K, reserved 1048576K
}
Event: 2.735 GC heap before
{Heap before GC invocations=5 (full 0):
 PSYoungGen      total 38400K, used 36242K [0x0000000795580000, 0x0000000798000000, 0x00000007c0000000)
  eden space 33280K, 100% used [0x0000000795580000,0x0000000797600000,0x0000000797600000)
  from space 5120K, 57% used [0x0000000797b00000,0x0000000797de4a08,0x0000000798000000)
  to   space 5120K, 0% used [0x0000000797600000,0x0000000797600000,0x0000000797b00000)
 ParOldGen       total 87552K, used 32K [0x0000000740000000, 0x0000000745580000, 0x0000000795580000)
  object space 87552K, 0% used [0x0000000740000000,0x0000000740008000,0x0000000745580000)
 Metaspace       used 8948K, capacity 9056K, committed 9216K, reserved 1056768K
  class space    used 968K, capacity 1013K, committed 1024K, reserved 1048576K
Event: 2.737 GC heap after
Heap after GC invocations=5 (full 0):
 PSYoungGen      total 35840K, used 2984K [0x0000000795580000, 0x0000000797d80000, 0x00000007c0000000)
  eden space 32768K, 0% used [0x0000000795580000,0x0000000795580000,0x0000000797580000)
  from space 3072K, 97% used [0x0000000797600000,0x00000007978ea128,0x0000000797900000)
  to   space 4096K, 0% used [0x0000000797980000,0x0000000797980000,0x0000000797d80000)
 ParOldGen       total 87552K, used 40K [0x0000000740000000, 0x0000000745580000, 0x0000000795580000)
  object space 87552K, 0% used [0x0000000740000000,0x000000074000a000,0x0000000745580000)
 Metaspace       used 8948K, capacity 9056K, committed 9216K, reserved 1056768K
  class space    used 968K, capacity 1013K, committed 1024K, reserved 1048576K
}
Event: 2.826 GC heap before
{Heap before GC invocations=6 (full 0):
 PSYoungGen      total 35840K, used 35752K [0x0000000795580000, 0x0000000797d80000, 0x00000007c0000000)
  eden space 32768K, 100% used [0x0000000795580000,0x0000000797580000,0x0000000797580000)
  from space 3072K, 97% used [0x0000000797600000,0x00000007978ea128,0x0000000797900000)
  to   space 4096K, 0% used [0x0000000797980000,0x0000000797980000,0x0000000797d80000)
 ParOldGen       total 87552K, used 40K [0x0000000740000000, 0x0000000745580000, 0x0000000795580000)
  object space 87552K, 0% used [0x0000000740000000,0x000000074000a000,0x0000000745580000)
 Metaspace       used 9158K, capacity 9312K, committed 9472K, reserved 1058816K
  class space    used 990K, capacity 1013K, committed 1024K, reserved 1048576K
Event: 2.828 GC heap after
Heap after GC invocations=6 (full 0):
 PSYoungGen      total 36864K, used 2702K [0x0000000795580000, 0x0000000799d80000, 0x00000007c0000000)
  eden space 32768K, 0% used [0x0000000795580000,0x0000000795580000,0x0000000797580000)
  from space 4096K, 65% used [0x0000000797980000,0x0000000797c23b50,0x0000000797d80000)
  to   space 4096K, 0% used [0x0000000797580000,0x0000000797580000,0x0000000797980000)
 ParOldGen       total 87552K, used 48K [0x0000000740000000, 0x0000000745580000, 0x0000000795580000)
  object space 87552K, 0% used [0x0000000740000000,0x000000074000c000,0x0000000745580000)
 Metaspace       used 9158K, capacity 9312K, committed 9472K, reserved 1058816K
  class space    used 990K, capacity 1013K, committed 1024K, reserved 1048576K
}

